2013-08-27 15:04:38,769 INFO  [org.eclim.eclipse.AbstractEclimApplication] Workspace: /home/noah/algs4/Percolation
2013-08-27 15:04:38,784 INFO  [org.eclim.eclipse.AbstractEclimApplication] Home: /home/noah/.eclipse/org.eclipse.platform_3.7.0_155965261/plugins/org.eclim_1.7.17/
2013-08-27 15:04:38,785 INFO  [org.eclim.eclipse.AbstractEclimApplication] Starting eclim...
2013-08-27 15:04:39,377 INFO  [org.eclim.eclipse.AbstractEclimApplication] Eclim Server Started on: 127.0.0.1:9091
2013-08-27 15:04:40,863 INFO  [org.eclim.eclipse.AbstractEclimApplication] Loading plugin org.eclim
2013-08-27 15:04:40,924 INFO  [org.eclim.eclipse.AbstractEclimApplication] Loading plugin org.eclim.core
2013-08-27 15:04:41,235 INFO  [org.eclim.plugin.core.CorePlugin] Loading eclim plugins...
2013-08-27 15:04:41,240 INFO  [org.eclim.plugin.core.CorePlugin] Loading plugin org.eclim.jdt
2013-08-27 15:04:41,261 INFO  [org.eclim.plugin.core.CorePlugin] Plugins loaded.
2013-08-27 15:04:41,261 INFO  [org.eclim.eclipse.AbstractEclimApplication] Loaded plugin org.eclim.core
2013-08-27 15:23:08,010 INFO  [org.eclim.eclipse.AbstractEclimApplication] Shutting down eclim...
2013-08-27 15:23:08,034 INFO  [org.eclim.eclipse.AbstractEclimApplication] Stopping plugin org.eclim.core
2013-08-27 15:23:08,035 INFO  [org.eclim.eclipse.EclimApplicationHeadless] Stopping system bundle...
2013-08-27 15:23:08,042 INFO  [org.eclim.eclipse.EclimApplicationHeadless] Saving workspace...
2013-08-27 15:23:08,118 INFO  [org.eclim.eclipse.EclimApplicationHeadless] Workspace saved.
2013-08-27 15:23:08,118 INFO  [org.eclim.eclipse.EclimApplicationHeadless] Closing workbench...
2013-08-27 15:23:08,225 INFO  [org.eclim.eclipse.EclimApplicationHeadless] Workbench closed.
2013-08-27 15:23:08,225 INFO  [org.eclim.eclipse.AbstractEclimApplication] Clean osgi config...
2013-08-27 15:23:08,229 INFO  [org.eclim.eclipse.AbstractEclimApplication] Eclim stopped.
2013-08-27 15:23:59,455 INFO  [org.eclim.eclipse.AbstractEclimApplication] Workspace: /home/noah/algs4/Percolation
2013-08-27 15:23:59,458 INFO  [org.eclim.eclipse.AbstractEclimApplication] Home: /home/noah/.eclipse/org.eclipse.platform_3.7.0_155965261/plugins/org.eclim_1.7.17/
2013-08-27 15:23:59,458 INFO  [org.eclim.eclipse.AbstractEclimApplication] Starting eclim...
2013-08-27 15:23:59,879 INFO  [org.eclim.eclipse.AbstractEclimApplication] Eclim Server Started on: 127.0.0.1:9091
2013-08-27 15:24:01,354 INFO  [org.eclim.eclipse.AbstractEclimApplication] Loading plugin org.eclim
2013-08-27 15:24:01,387 INFO  [org.eclim.eclipse.AbstractEclimApplication] Loading plugin org.eclim.core
2013-08-27 15:24:01,687 INFO  [org.eclim.plugin.core.CorePlugin] Loading eclim plugins...
2013-08-27 15:24:01,696 INFO  [org.eclim.plugin.core.CorePlugin] Loading plugin org.eclim.jdt
2013-08-27 15:24:01,707 INFO  [org.eclim.plugin.core.CorePlugin] Plugins loaded.
2013-08-27 15:24:01,707 INFO  [org.eclim.eclipse.AbstractEclimApplication] Loaded plugin org.eclim.core
2013-08-27 15:38:24,746 INFO  [org.eclim.eclipse.AbstractEclimApplication] Shutting down eclim...
2013-08-27 15:38:24,768 INFO  [org.eclim.eclipse.AbstractEclimApplication] Stopping plugin org.eclim.core
2013-08-27 15:38:24,772 INFO  [org.eclim.eclipse.EclimApplicationHeadless] Stopping system bundle...
2013-08-27 15:38:24,774 INFO  [org.eclim.eclipse.EclimApplicationHeadless] Saving workspace...
2013-08-27 15:38:24,848 INFO  [org.eclim.eclipse.EclimApplicationHeadless] Workspace saved.
2013-08-27 15:38:24,848 INFO  [org.eclim.eclipse.EclimApplicationHeadless] Closing workbench...
2013-08-27 15:38:24,928 INFO  [org.eclim.eclipse.EclimApplicationHeadless] Workbench closed.
2013-08-27 15:38:24,928 INFO  [org.eclim.eclipse.AbstractEclimApplication] Clean osgi config...
2013-08-27 15:38:24,932 INFO  [org.eclim.eclipse.AbstractEclimApplication] Eclim stopped.
